<?xml version="1.0" encoding="UTF-8"?>
<!-- Generated by org.testng.reporters.JUnitReportReporter -->
<testsuite hostname="ES-Waleedkhan" failures="0" tests="8" name="Tests.AppStart" time="177.926" errors="0" timestamp="2021-11-02T15:12:42 PKT" skipped="0">
  <testcase classname="Tests.AppStart" name="SignIn" time="29.312"/>
  <system-out/>
  <testcase classname="Tests.AppStart" name="DashboardLand" time="9.215"/>
  <system-out/>
  <testcase classname="Tests.AppStart" name="Notification" time="14.397"/>
  <system-out/>
  <testcase classname="Tests.AppStart" name="Theme" time="16.416"/>
  <system-out/>
  <testcase classname="Tests.AppStart" name="ProfileEdit" time="28.240"/>
  <system-out/>
  <testcase classname="Tests.AppStart" name="Menu" time="45.984"/>
  <system-out/>
  <testcase classname="Tests.AppStart" name="Settings" time="30.836"/>
  <system-out/>
  <testcase classname="Tests.AppStart" name="LogOut" time="3.526"/>
  <system-out/>
</testsuite> <!-- Tests.AppStart -->
